This file contains any messages produced by compilers while
running configure, to aid debugging if configure makes a mistake.

It was created by vmkit configure 0.32svn, which was
generated by GNU Autoconf 2.69.  Invocation command line was

  $ ./configure --with-llvm-config-path=/home/sri/emdc/vmkit/debug/llvm-3.3.src/Release+Debug+Asserts/bin/llvm-config --with-mmtk-plan=org.mmtk.plan.marksweep.MS --with-classpath-impl=openjdk --with-openjdk-path=/usr/lib/jvm/java-1.6.0-openjdk-amd64 --enable-debug

## --------- ##
## Platform. ##
## --------- ##

hostname = vampire
uname -m = x86_64
uname -r = 3.8.0-38-generic
uname -s = Linux
uname -v = #56~precise1-Ubuntu SMP Thu Mar 13 16:22:48 UTC 2014

/usr/bin/uname -p = unknown
/bin/uname -X     = unknown

/bin/arch              = unknown
/usr/bin/arch -k       = unknown
/usr/convex/getsysinfo = unknown
/usr/bin/hostinfo      = unknown
/bin/machine           = unknown
/usr/bin/oslevel       = unknown
/bin/universe          = unknown

PATH: /usr/lib/lightdm/lightdm
PATH: /usr/local/sbin
PATH: /usr/local/bin
PATH: /usr/sbin
PATH: /usr/bin
PATH: /sbin
PATH: /bin
PATH: /usr/games
PATH: /home/sri/EMDC_Softwares/openmp_profiler/ompp-0.8.3/ompp/bin
PATH: /usr/lib/openmpi_1.4.5/bin
PATH: /home/sri/emdc/vmkit/debug/llvm-3.3.src/Release+Debug+Asserts/bin
PATH: /home/sri/emdc/vmkit/vmkit/Release+Debug+Asserts/bin


## ----------- ##
## Core tests. ##
## ----------- ##

configure:2289: checking build system type
configure:2303: result: x86_64-unknown-linux-gnu
configure:2323: checking host system type
configure:2336: result: x86_64-unknown-linux-gnu
configure:2356: checking target system type
configure:2369: result: x86_64-unknown-linux-gnu
configure:2396: checking type of operating system we're going to host on
configure:2464: result: Linux
configure:2866: Validating OpenJDK installation...
configure:2869: checking for /usr/lib/jvm/java-1.6.0-openjdk-amd64
configure:2883: result: yes
configure:2895: checking for /usr/lib/jvm/java-1.6.0-openjdk-amd64/jre/lib/rt.jar
configure:2909: result: yes
configure:2931: checking for BSD-compatible nm
configure:2980: result: /usr/bin/nm -B
configure:2988: checking for ld
configure:3006: found /usr/bin/ld
configure:3019: result: /usr/bin/ld
configure:3029: checking for ar
configure:3047: found /usr/bin/ar
configure:3060: result: /usr/bin/ar
configure:3068: checking for grep that handles long lines and -e
configure:3126: result: /bin/grep
configure:3131: checking for a thread-safe mkdir -p
configure:3170: result: /bin/mkdir -p
configure:3175: checking for mv
configure:3193: found /bin/mv
configure:3206: result: /bin/mv
configure:3216: checking for rm
configure:3234: found /bin/rm
configure:3247: result: /bin/rm
configure:3257: checking for cp
configure:3275: found /bin/cp
configure:3288: result: /bin/cp
configure:3298: checking for touch
configure:3316: found /usr/bin/touch
configure:3329: result: /usr/bin/touch
configure:3380: checking for ranlib
configure:3396: found /usr/bin/ranlib
configure:3407: result: ranlib
configure:3432: checking for ant
configure:3450: found /usr/bin/ant
configure:3462: result: /usr/bin/ant
configure:3472: checking for javac
configure:3490: found /usr/bin/javac
configure:3503: result: /usr/bin/javac
configure:3513: checking for zip
configure:3531: found /usr/bin/zip
configure:3544: result: /usr/bin/zip
configure:3555: checking for llvm-config
configure:3608: result: /home/sri/emdc/vmkit/debug/llvm-3.3.src/Release+Debug+Asserts/bin/llvm-config
configure:3648: checking for a BSD-compatible install
configure:3716: result: /usr/bin/install -c
configure:3777: checking for gcc
configure:3793: found /usr/bin/gcc
configure:3804: result: gcc
configure:4033: checking for C compiler version
configure:4042: gcc --version >&5
gcc (Ubuntu/Linaro 4.6.3-1ubuntu5) 4.6.3
Copyright (C) 2011 Free Software Foundation, Inc.
This is free software; see the source for copying conditions.  There is NO
warranty; not even for MERCHANTABILITY or FITNESS FOR A PARTICULAR PURPOSE.

configure:4053: $? = 0
configure:4042: gcc -v >&5
Using built-in specs.
COLLECT_GCC=gcc
COLLECT_LTO_WRAPPER=/usr/lib/gcc/x86_64-linux-gnu/4.6/lto-wrapper
Target: x86_64-linux-gnu
Configured with: ../src/configure -v --with-pkgversion='Ubuntu/Linaro 4.6.3-1ubuntu5' --with-bugurl=file:///usr/share/doc/gcc-4.6/README.Bugs --enable-languages=c,c++,fortran,objc,obj-c++ --prefix=/usr --program-suffix=-4.6 --enable-shared --enable-linker-build-id --with-system-zlib --libexecdir=/usr/lib --without-included-gettext --enable-threads=posix --with-gxx-include-dir=/usr/include/c++/4.6 --libdir=/usr/lib --enable-nls --with-sysroot=/ --enable-clocale=gnu --enable-libstdcxx-debug --enable-libstdcxx-time=yes --enable-gnu-unique-object --enable-plugin --enable-objc-gc --disable-werror --with-arch-32=i686 --with-tune=generic --enable-checking=release --build=x86_64-linux-gnu --host=x86_64-linux-gnu --target=x86_64-linux-gnu
Thread model: posix
gcc version 4.6.3 (Ubuntu/Linaro 4.6.3-1ubuntu5) 
configure:4053: $? = 0
configure:4042: gcc -V >&5
gcc: error: unrecognized option '-V'
gcc: fatal error: no input files
compilation terminated.
configure:4053: $? = 4
configure:4042: gcc -qversion >&5
gcc: error: unrecognized option '-qversion'
gcc: fatal error: no input files
compilation terminated.
configure:4053: $? = 4
configure:4073: checking whether the C compiler works
configure:4095: gcc    conftest.c  >&5
configure:4099: $? = 0
configure:4147: result: yes
configure:4150: checking for C compiler default output file name
configure:4152: result: a.out
configure:4158: checking for suffix of executables
configure:4165: gcc -o conftest    conftest.c  >&5
configure:4169: $? = 0
configure:4191: result: 
configure:4213: checking whether we are cross compiling
configure:4221: gcc -o conftest    conftest.c  >&5
configure:4225: $? = 0
configure:4232: ./conftest
configure:4236: $? = 0
configure:4251: result: no
configure:4256: checking for suffix of object files
configure:4278: gcc -c   conftest.c >&5
configure:4282: $? = 0
configure:4303: result: o
configure:4307: checking whether we are using the GNU C compiler
configure:4326: gcc -c   conftest.c >&5
configure:4326: $? = 0
configure:4335: result: yes
configure:4344: checking whether gcc accepts -g
configure:4364: gcc -c -g  conftest.c >&5
configure:4364: $? = 0
configure:4405: result: yes
configure:4422: checking for gcc option to accept ISO C89
configure:4485: gcc  -c -g -O2  conftest.c >&5
configure:4485: $? = 0
configure:4498: result: none needed
configure:4519: checking for inflate in -lz
configure:4544: gcc -o conftest -g -O2   conftest.c -lz   >&5
configure:4544: $? = 0
configure:4553: result: yes
configure:4576: checking how to run the C preprocessor
configure:4607: gcc -E  conftest.c
configure:4607: $? = 0
configure:4621: gcc -E  conftest.c
conftest.c:13:28: fatal error: ac_nonexistent.h: No such file or directory
compilation terminated.
configure:4621: $? = 1
configure: failed program was:
| /* confdefs.h */
| #define PACKAGE_NAME "vmkit"
| #define PACKAGE_TARNAME "vmkit"
| #define PACKAGE_VERSION "0.32svn"
| #define PACKAGE_STRING "vmkit 0.32svn"
| #define PACKAGE_BUGREPORT "vmkit2-development@lists.gforge.inria.fr"
| #define PACKAGE_URL ""
| #define WITH_64 1
| #define HAVE__USR_LIB_JVM_JAVA_1_6_0_OPENJDK_AMD64 1
| #define HAVE__USR_LIB_JVM_JAVA_1_6_0_OPENJDK_AMD64_JRE_LIB_RT_JAR 1
| #define HAVE_LIBZ 1
| /* end confdefs.h.  */
| #include <ac_nonexistent.h>
configure:4646: result: gcc -E
configure:4666: gcc -E  conftest.c
configure:4666: $? = 0
configure:4680: gcc -E  conftest.c
conftest.c:13:28: fatal error: ac_nonexistent.h: No such file or directory
compilation terminated.
configure:4680: $? = 1
configure: failed program was:
| /* confdefs.h */
| #define PACKAGE_NAME "vmkit"
| #define PACKAGE_TARNAME "vmkit"
| #define PACKAGE_VERSION "0.32svn"
| #define PACKAGE_STRING "vmkit 0.32svn"
| #define PACKAGE_BUGREPORT "vmkit2-development@lists.gforge.inria.fr"
| #define PACKAGE_URL ""
| #define WITH_64 1
| #define HAVE__USR_LIB_JVM_JAVA_1_6_0_OPENJDK_AMD64 1
| #define HAVE__USR_LIB_JVM_JAVA_1_6_0_OPENJDK_AMD64_JRE_LIB_RT_JAR 1
| #define HAVE_LIBZ 1
| /* end confdefs.h.  */
| #include <ac_nonexistent.h>
configure:4709: checking for egrep
configure:4771: result: /bin/grep -E
configure:4776: checking for ANSI C header files
configure:4796: gcc -c -g -O2  conftest.c >&5
configure:4796: $? = 0
configure:4869: gcc -o conftest -g -O2   conftest.c -lz  >&5
configure:4869: $? = 0
configure:4869: ./conftest
configure:4869: $? = 0
configure:4880: result: yes
configure:4893: checking for sys/types.h
configure:4893: gcc -c -g -O2  conftest.c >&5
configure:4893: $? = 0
configure:4893: result: yes
configure:4893: checking for sys/stat.h
configure:4893: gcc -c -g -O2  conftest.c >&5
configure:4893: $? = 0
configure:4893: result: yes
configure:4893: checking for stdlib.h
configure:4893: gcc -c -g -O2  conftest.c >&5
configure:4893: $? = 0
configure:4893: result: yes
configure:4893: checking for string.h
configure:4893: gcc -c -g -O2  conftest.c >&5
configure:4893: $? = 0
configure:4893: result: yes
configure:4893: checking for memory.h
configure:4893: gcc -c -g -O2  conftest.c >&5
configure:4893: $? = 0
configure:4893: result: yes
configure:4893: checking for strings.h
configure:4893: gcc -c -g -O2  conftest.c >&5
configure:4893: $? = 0
configure:4893: result: yes
configure:4893: checking for inttypes.h
configure:4893: gcc -c -g -O2  conftest.c >&5
configure:4893: $? = 0
configure:4893: result: yes
configure:4893: checking for stdint.h
configure:4893: gcc -c -g -O2  conftest.c >&5
configure:4893: $? = 0
configure:4893: result: yes
configure:4893: checking for unistd.h
configure:4893: gcc -c -g -O2  conftest.c >&5
configure:4893: $? = 0
configure:4893: result: yes
configure:4905: checking zlib.h usability
configure:4905: gcc -c -g -O2  conftest.c >&5
configure:4905: $? = 0
configure:4905: result: yes
configure:4905: checking zlib.h presence
configure:4905: gcc -E  conftest.c
configure:4905: $? = 0
configure:4905: result: yes
configure:4905: checking for zlib.h
configure:4905: result: yes
configure:4917: checking for pid_t
configure:4917: gcc -c -g -O2  conftest.c >&5
configure:4917: $? = 0
configure:4917: gcc -c -g -O2  conftest.c >&5
conftest.c: In function 'main':
conftest.c:59:20: error: expected expression before ')' token
configure:4917: $? = 1
configure: failed program was:
| /* confdefs.h */
| #define PACKAGE_NAME "vmkit"
| #define PACKAGE_TARNAME "vmkit"
| #define PACKAGE_VERSION "0.32svn"
| #define PACKAGE_STRING "vmkit 0.32svn"
| #define PACKAGE_BUGREPORT "vmkit2-development@lists.gforge.inria.fr"
| #define PACKAGE_URL ""
| #define WITH_64 1
| #define HAVE__USR_LIB_JVM_JAVA_1_6_0_OPENJDK_AMD64 1
| #define HAVE__USR_LIB_JVM_JAVA_1_6_0_OPENJDK_AMD64_JRE_LIB_RT_JAR 1
| #define HAVE_LIBZ 1
| #define STDC_HEADERS 1
| #define HAVE_SYS_TYPES_H 1
| #define HAVE_SYS_STAT_H 1
| #define HAVE_STDLIB_H 1
| #define HAVE_STRING_H 1
| #define HAVE_MEMORY_H 1
| #define HAVE_STRINGS_H 1
| #define HAVE_INTTYPES_H 1
| #define HAVE_STDINT_H 1
| #define HAVE_UNISTD_H 1
| /* end confdefs.h.  */
| #include <stdio.h>
| #ifdef HAVE_SYS_TYPES_H
| # include <sys/types.h>
| #endif
| #ifdef HAVE_SYS_STAT_H
| # include <sys/stat.h>
| #endif
| #ifdef STDC_HEADERS
| # include <stdlib.h>
| # include <stddef.h>
| #else
| # ifdef HAVE_STDLIB_H
| #  include <stdlib.h>
| # endif
| #endif
| #ifdef HAVE_STRING_H
| # if !defined STDC_HEADERS && defined HAVE_MEMORY_H
| #  include <memory.h>
| # endif
| # include <string.h>
| #endif
| #ifdef HAVE_STRINGS_H
| # include <strings.h>
| #endif
| #ifdef HAVE_INTTYPES_H
| # include <inttypes.h>
| #endif
| #ifdef HAVE_STDINT_H
| # include <stdint.h>
| #endif
| #ifdef HAVE_UNISTD_H
| # include <unistd.h>
| #endif
| int
| main ()
| {
| if (sizeof ((pid_t)))
| 	    return 0;
|   ;
|   return 0;
| }
configure:4917: result: yes
configure:4928: checking for size_t
configure:4928: gcc -c -g -O2  conftest.c >&5
configure:4928: $? = 0
configure:4928: gcc -c -g -O2  conftest.c >&5
conftest.c: In function 'main':
conftest.c:59:21: error: expected expression before ')' token
configure:4928: $? = 1
configure: failed program was:
| /* confdefs.h */
| #define PACKAGE_NAME "vmkit"
| #define PACKAGE_TARNAME "vmkit"
| #define PACKAGE_VERSION "0.32svn"
| #define PACKAGE_STRING "vmkit 0.32svn"
| #define PACKAGE_BUGREPORT "vmkit2-development@lists.gforge.inria.fr"
| #define PACKAGE_URL ""
| #define WITH_64 1
| #define HAVE__USR_LIB_JVM_JAVA_1_6_0_OPENJDK_AMD64 1
| #define HAVE__USR_LIB_JVM_JAVA_1_6_0_OPENJDK_AMD64_JRE_LIB_RT_JAR 1
| #define HAVE_LIBZ 1
| #define STDC_HEADERS 1
| #define HAVE_SYS_TYPES_H 1
| #define HAVE_SYS_STAT_H 1
| #define HAVE_STDLIB_H 1
| #define HAVE_STRING_H 1
| #define HAVE_MEMORY_H 1
| #define HAVE_STRINGS_H 1
| #define HAVE_INTTYPES_H 1
| #define HAVE_STDINT_H 1
| #define HAVE_UNISTD_H 1
| /* end confdefs.h.  */
| #include <stdio.h>
| #ifdef HAVE_SYS_TYPES_H
| # include <sys/types.h>
| #endif
| #ifdef HAVE_SYS_STAT_H
| # include <sys/stat.h>
| #endif
| #ifdef STDC_HEADERS
| # include <stdlib.h>
| # include <stddef.h>
| #else
| # ifdef HAVE_STDLIB_H
| #  include <stdlib.h>
| # endif
| #endif
| #ifdef HAVE_STRING_H
| # if !defined STDC_HEADERS && defined HAVE_MEMORY_H
| #  include <memory.h>
| # endif
| # include <string.h>
| #endif
| #ifdef HAVE_STRINGS_H
| # include <strings.h>
| #endif
| #ifdef HAVE_INTTYPES_H
| # include <inttypes.h>
| #endif
| #ifdef HAVE_STDINT_H
| # include <stdint.h>
| #endif
| #ifdef HAVE_UNISTD_H
| # include <unistd.h>
| #endif
| int
| main ()
| {
| if (sizeof ((size_t)))
| 	    return 0;
|   ;
|   return 0;
| }
configure:4928: result: yes
configure:4939: checking whether struct tm is in sys/time.h or time.h
configure:4959: gcc -c -g -O2  conftest.c >&5
configure:4959: $? = 0
configure:4966: result: time.h
configure:4974: checking for int64_t
configure:4974: gcc -c -g -O2  conftest.c >&5
configure:4974: $? = 0
configure:4974: gcc -c -g -O2  conftest.c >&5
conftest.c: In function 'main':
conftest.c:59:22: error: expected expression before ')' token
configure:4974: $? = 1
configure: failed program was:
| /* confdefs.h */
| #define PACKAGE_NAME "vmkit"
| #define PACKAGE_TARNAME "vmkit"
| #define PACKAGE_VERSION "0.32svn"
| #define PACKAGE_STRING "vmkit 0.32svn"
| #define PACKAGE_BUGREPORT "vmkit2-development@lists.gforge.inria.fr"
| #define PACKAGE_URL ""
| #define WITH_64 1
| #define HAVE__USR_LIB_JVM_JAVA_1_6_0_OPENJDK_AMD64 1
| #define HAVE__USR_LIB_JVM_JAVA_1_6_0_OPENJDK_AMD64_JRE_LIB_RT_JAR 1
| #define HAVE_LIBZ 1
| #define STDC_HEADERS 1
| #define HAVE_SYS_TYPES_H 1
| #define HAVE_SYS_STAT_H 1
| #define HAVE_STDLIB_H 1
| #define HAVE_STRING_H 1
| #define HAVE_MEMORY_H 1
| #define HAVE_STRINGS_H 1
| #define HAVE_INTTYPES_H 1
| #define HAVE_STDINT_H 1
| #define HAVE_UNISTD_H 1
| /* end confdefs.h.  */
| #include <stdio.h>
| #ifdef HAVE_SYS_TYPES_H
| # include <sys/types.h>
| #endif
| #ifdef HAVE_SYS_STAT_H
| # include <sys/stat.h>
| #endif
| #ifdef STDC_HEADERS
| # include <stdlib.h>
| # include <stddef.h>
| #else
| # ifdef HAVE_STDLIB_H
| #  include <stdlib.h>
| # endif
| #endif
| #ifdef HAVE_STRING_H
| # if !defined STDC_HEADERS && defined HAVE_MEMORY_H
| #  include <memory.h>
| # endif
| # include <string.h>
| #endif
| #ifdef HAVE_STRINGS_H
| # include <strings.h>
| #endif
| #ifdef HAVE_INTTYPES_H
| # include <inttypes.h>
| #endif
| #ifdef HAVE_STDINT_H
| # include <stdint.h>
| #endif
| #ifdef HAVE_UNISTD_H
| # include <unistd.h>
| #endif
| int
| main ()
| {
| if (sizeof ((int64_t)))
| 	    return 0;
|   ;
|   return 0;
| }
configure:4974: result: yes
configure:4986: checking for uint64_t
configure:4986: gcc -c -g -O2  conftest.c >&5
configure:4986: $? = 0
configure:4986: gcc -c -g -O2  conftest.c >&5
conftest.c: In function 'main':
conftest.c:60:23: error: expected expression before ')' token
configure:4986: $? = 1
configure: failed program was:
| /* confdefs.h */
| #define PACKAGE_NAME "vmkit"
| #define PACKAGE_TARNAME "vmkit"
| #define PACKAGE_VERSION "0.32svn"
| #define PACKAGE_STRING "vmkit 0.32svn"
| #define PACKAGE_BUGREPORT "vmkit2-development@lists.gforge.inria.fr"
| #define PACKAGE_URL ""
| #define WITH_64 1
| #define HAVE__USR_LIB_JVM_JAVA_1_6_0_OPENJDK_AMD64 1
| #define HAVE__USR_LIB_JVM_JAVA_1_6_0_OPENJDK_AMD64_JRE_LIB_RT_JAR 1
| #define HAVE_LIBZ 1
| #define STDC_HEADERS 1
| #define HAVE_SYS_TYPES_H 1
| #define HAVE_SYS_STAT_H 1
| #define HAVE_STDLIB_H 1
| #define HAVE_STRING_H 1
| #define HAVE_MEMORY_H 1
| #define HAVE_STRINGS_H 1
| #define HAVE_INTTYPES_H 1
| #define HAVE_STDINT_H 1
| #define HAVE_UNISTD_H 1
| #define HAVE_INT64_T 1
| /* end confdefs.h.  */
| #include <stdio.h>
| #ifdef HAVE_SYS_TYPES_H
| # include <sys/types.h>
| #endif
| #ifdef HAVE_SYS_STAT_H
| # include <sys/stat.h>
| #endif
| #ifdef STDC_HEADERS
| # include <stdlib.h>
| # include <stddef.h>
| #else
| # ifdef HAVE_STDLIB_H
| #  include <stdlib.h>
| # endif
| #endif
| #ifdef HAVE_STRING_H
| # if !defined STDC_HEADERS && defined HAVE_MEMORY_H
| #  include <memory.h>
| # endif
| # include <string.h>
| #endif
| #ifdef HAVE_STRINGS_H
| # include <strings.h>
| #endif
| #ifdef HAVE_INTTYPES_H
| # include <inttypes.h>
| #endif
| #ifdef HAVE_STDINT_H
| # include <stdint.h>
| #endif
| #ifdef HAVE_UNISTD_H
| # include <unistd.h>
| #endif
| int
| main ()
| {
| if (sizeof ((uint64_t)))
| 	    return 0;
|   ;
|   return 0;
| }
configure:4986: result: yes
configure:5014: checking for setjmp
configure:5014: gcc -o conftest -g -O2   conftest.c -lz  >&5
configure:5014: $? = 0
configure:5014: result: yes
configure:5014: checking for longjmp
configure:5014: gcc -o conftest -g -O2   conftest.c -lz  >&5
configure:5014: $? = 0
configure:5014: result: yes
configure:5160: creating ./config.status

## ---------------------- ##
## Running config.status. ##
## ---------------------- ##

This file was extended by vmkit config.status 0.32svn, which was
generated by GNU Autoconf 2.69.  Invocation command line was

  CONFIG_FILES    = 
  CONFIG_HEADERS  = 
  CONFIG_LINKS    = 
  CONFIG_COMMANDS = 
  $ ./config.status 

on vampire

config.status:860: creating Makefile.common
config.status:860: creating lib/j3/ClassLib/Classpath.h
config.status:860: creating tools/llcj/LinkPaths.h
config.status:860: creating mmtk/java/src/org/j3/config/Selected.java
config.status:860: creating mmtk/java/build.xml
config.status:860: creating include/vmkit/config.h
config.status:1041: include/vmkit/config.h is unchanged

## ---------------- ##
## Cache variables. ##
## ---------------- ##

ac_cv_build=x86_64-unknown-linux-gnu
ac_cv_c_compiler_gnu=yes
ac_cv_env_CC_set=
ac_cv_env_CC_value=
ac_cv_env_CFLAGS_set=
ac_cv_env_CFLAGS_value=
ac_cv_env_CPPFLAGS_set=
ac_cv_env_CPPFLAGS_value=
ac_cv_env_CPP_set=
ac_cv_env_CPP_value=
ac_cv_env_LDFLAGS_set=
ac_cv_env_LDFLAGS_value=
ac_cv_env_LIBS_set=
ac_cv_env_LIBS_value=
ac_cv_env_build_alias_set=
ac_cv_env_build_alias_value=
ac_cv_env_host_alias_set=
ac_cv_env_host_alias_value=
ac_cv_env_target_alias_set=
ac_cv_env_target_alias_value=
ac_cv_file__usr_lib_jvm_java_1_6_0_openjdk_amd64=yes
ac_cv_file__usr_lib_jvm_java_1_6_0_openjdk_amd64_jre_lib_rt_jar=yes
ac_cv_func_longjmp=yes
ac_cv_func_setjmp=yes
ac_cv_header_inttypes_h=yes
ac_cv_header_memory_h=yes
ac_cv_header_stdc=yes
ac_cv_header_stdint_h=yes
ac_cv_header_stdlib_h=yes
ac_cv_header_string_h=yes
ac_cv_header_strings_h=yes
ac_cv_header_sys_stat_h=yes
ac_cv_header_sys_types_h=yes
ac_cv_header_unistd_h=yes
ac_cv_header_zlib_h=yes
ac_cv_host=x86_64-unknown-linux-gnu
ac_cv_lib_z_inflate=yes
ac_cv_objext=o
ac_cv_path_ANT=/usr/bin/ant
ac_cv_path_AR=/usr/bin/ar
ac_cv_path_CP=/bin/cp
ac_cv_path_EGREP='/bin/grep -E'
ac_cv_path_GREP=/bin/grep
ac_cv_path_JAVAC=/usr/bin/javac
ac_cv_path_LD=/usr/bin/ld
ac_cv_path_LLVM_CONFIG=/home/sri/emdc/vmkit/debug/llvm-3.3.src/Release+Debug+Asserts/bin/llvm-config
ac_cv_path_MV=/bin/mv
ac_cv_path_RM=/bin/rm
ac_cv_path_TOUCH=/usr/bin/touch
ac_cv_path_ZIP=/usr/bin/zip
ac_cv_path_install='/usr/bin/install -c'
ac_cv_path_mkdir=/bin/mkdir
ac_cv_prog_CPP='gcc -E'
ac_cv_prog_ac_ct_CC=gcc
ac_cv_prog_ac_ct_RANLIB=ranlib
ac_cv_prog_cc_c89=
ac_cv_prog_cc_g=yes
ac_cv_struct_tm=time.h
ac_cv_target=x86_64-unknown-linux-gnu
ac_cv_type_int64_t=yes
ac_cv_type_pid_t=yes
ac_cv_type_size_t=yes
ac_cv_type_uint64_t=yes
lt_cv_path_NM='/usr/bin/nm -B'
vmkit_cv_os_type=Linux
vmkit_cv_platform_type=Unix

## ----------------- ##
## Output variables. ##
## ----------------- ##

ANT='/usr/bin/ant'
AR='/usr/bin/ar'
ASSERT='1'
CC='gcc'
CFLAGS='-g -O2'
CLANG_PATH='/home/sri/emdc/vmkit/debug/llvm-3.3.src/Release+Debug+Asserts/bin'
CP='/bin/cp'
CPP='gcc -E'
CPPFLAGS=''
DEBUG='1'
DEFS='-DHAVE_CONFIG_H'
DYLIB_EXTENSION='so'
ECHO_C=''
ECHO_N='-n'
ECHO_T=''
EGREP='/bin/grep -E'
EXEEXT=''
GC_FLAGS='-I$(PROJ_SRC_ROOT)/lib/vmkit/MMTk'
GREP='/bin/grep'
INSTALL_DATA='${INSTALL} -m 644'
INSTALL_PROGRAM='${INSTALL}'
INSTALL_SCRIPT='${INSTALL}'
JAVAC='/usr/bin/javac'
LD='/usr/bin/ld'
LDFLAGS=''
LDOPT='-Wl,-export-dynamic'
LIBOBJS=''
LIBS='-lz '
LLVM_CONFIG='/home/sri/emdc/vmkit/debug/llvm-3.3.src/Release+Debug+Asserts/bin/llvm-config'
LLVM_RTTI='-fno-rtti'
LTLIBOBJS=''
MKDIR_P='/bin/mkdir -p'
MMTK_PLAN='org.mmtk.plan.marksweep.MS'
MV='/bin/mv'
NM='/usr/bin/nm -B'
OBJEXT='o'
OPTIMIZED='1'
PACKAGE_BUGREPORT='vmkit2-development@lists.gforge.inria.fr'
PACKAGE_NAME='vmkit'
PACKAGE_STRING='vmkit 0.32svn'
PACKAGE_TARNAME='vmkit'
PACKAGE_URL=''
PACKAGE_VERSION='0.32svn'
PATH_SEPARATOR=':'
RANLIB='ranlib'
RM='/bin/rm'
SHELL='/bin/bash'
SHLIBEXT='.so'
SHOPT=''
TOUCH='/usr/bin/touch'
VMKIT_BUILD_NAME='Release+Debug+Asserts'
VMKIT_COPYRIGHT='Copyright (c) 2003-2013 Universite Pierre et Marie Curie.'
WITH_64='1'
ZIP='/usr/bin/zip'
ac_config_files=' Makefile.common lib/j3/ClassLib/Classpath.h tools/llcj/LinkPaths.h mmtk/java/src/org/j3/config/Selected.java mmtk/java/build.xml'
ac_config_headers=' include/vmkit/config.h'
ac_ct_CC='gcc'
bindir='${exec_prefix}/bin'
build='x86_64-unknown-linux-gnu'
build_alias=''
build_cpu='x86_64'
build_os='linux-gnu'
build_vendor='unknown'
classpathglibj='/usr/share/classpath/glibj.zip'
classpathimpl='openjdk'
classpathlibs='/usr/lib/classpath'
classpathversion='0.97.2'
datadir='${datarootdir}'
datarootdir='${prefix}/share'
docdir='${datarootdir}/doc/${PACKAGE_TARNAME}'
dvidir='${docdir}'
exec_prefix='${prefix}'
host='x86_64-unknown-linux-gnu'
host_alias=''
host_cpu='x86_64'
host_os='linux-gnu'
host_vendor='unknown'
htmldir='${docdir}'
includedir='${prefix}/include'
infodir='${datarootdir}/info'
libdir='${exec_prefix}/lib'
libexecdir='${exec_prefix}/libexec'
localedir='${datarootdir}/locale'
localstatedir='${prefix}/var'
mandir='${datarootdir}/man'
oldincludedir='/usr/include'
openjdkpath='/usr/lib/jvm/java-1.6.0-openjdk-amd64'
pdfdir='${docdir}'
prefix='/usr/local'
program_transform_name='s,x,x,'
psdir='${docdir}'
sbindir='${exec_prefix}/sbin'
sharedstatedir='${prefix}/com'
sysconfdir='${prefix}/etc'
target='x86_64-unknown-linux-gnu'
target_alias=''
target_cpu='x86_64'
target_os='linux-gnu'
target_vendor='unknown'

## ----------- ##
## confdefs.h. ##
## ----------- ##

/* confdefs.h */
#define PACKAGE_NAME "vmkit"
#define PACKAGE_TARNAME "vmkit"
#define PACKAGE_VERSION "0.32svn"
#define PACKAGE_STRING "vmkit 0.32svn"
#define PACKAGE_BUGREPORT "vmkit2-development@lists.gforge.inria.fr"
#define PACKAGE_URL ""
#define WITH_64 1
#define HAVE__USR_LIB_JVM_JAVA_1_6_0_OPENJDK_AMD64 1
#define HAVE__USR_LIB_JVM_JAVA_1_6_0_OPENJDK_AMD64_JRE_LIB_RT_JAR 1
#define HAVE_LIBZ 1
#define STDC_HEADERS 1
#define HAVE_SYS_TYPES_H 1
#define HAVE_SYS_STAT_H 1
#define HAVE_STDLIB_H 1
#define HAVE_STRING_H 1
#define HAVE_MEMORY_H 1
#define HAVE_STRINGS_H 1
#define HAVE_INTTYPES_H 1
#define HAVE_STDINT_H 1
#define HAVE_UNISTD_H 1
#define HAVE_INT64_T 1
#define HAVE_UINT64_T 1
#define HAVE_SETJMP 1
#define HAVE_LONGJMP 1

configure: exit 0
